<?xml version="1.0" encoding="utf-8" standalone="no"?>
<!--This file represents the results of running a test suite-->
<test-results name="D:\TestRepository-master\Task2\Task2\bin\Debug\Task2.exe" total="1" errors="0" failures="0" not-run="0" inconclusive="0" ignored="0" skipped="0" invalid="0" date="2014-03-27" time="16:11:43">
  <environment nunit-version="2.6.3.13283" clr-version="2.0.50727.4927" os-version="Microsoft Windows NT 6.1.7600.0" platform="Win32NT" cwd="C:\Program Files (x86)\NUnit 2.6.3\bin" machine-name="COMP11" user="adminmap" user-domain="COMP11" />
  <culture-info current-culture="ru-RU" current-uiculture="ru-RU" />
  <test-suite type="Assembly" name="D:\TestRepository-master\Task2\Task2\bin\Debug\Task2.exe" executed="True" result="Success" success="True" time="0.002" asserts="0">
    <results>
      <test-suite type="Namespace" name="Task2" executed="True" result="Success" success="True" time="0.002" asserts="0">
        <results>
          <test-suite type="TestFixture" name="TestMemoryAccessors" executed="True" result="Success" success="True" time="0.001" asserts="0">
            <results>
              <test-case name="Task2.TestMemoryAccessors.GetByName" executed="True" result="Success" success="True" time="0.000" asserts="2" />
            </results>
          </test-suite>
        </results>
      </test-suite>
    </results>
  </test-suite>
</test-results>